make all --print-data-base --no-builtin-variables --no-builtin-rules --question
# GNU Make 3.81
# Copyright (C) 2006  Free Software Foundation, Inc.
# This is free software; see the source for copying conditions.
# There is NO warranty; not even for MERCHANTABILITY or FITNESS FOR A
# PARTICULAR PURPOSE.

# This program built for i386-apple-darwin11.3.0
 

# Make data base, printed on Fri Jul 15 18:36:57 2022

# Variables

# automatic
<D = $(patsubst %/,%,$(dir $<))
# automatic
?F = $(notdir $?)
# makefile (from `Makefile', line 33)
 
CD_OBJS = ${CD_SRCS:.c=.o}
# environment
VSCODE_LOG_NATIVE = false
# automatic
?D = $(patsubst %/,%,$(dir $?))
# automatic
@D = $(patsubst %/,%,$(dir $@))
# automatic
@F = $(notdir $@)
# makefile
CURDIR := /Users/soo/soo/42cursus/minishell
# makefile
SHELL = /bin/sh
# environment
VSCODE_NLS_CONFIG = {"locale":"en-us","availableLanguages":{},"_languagePackSupport":true}
# environment
_ = /usr/bin/make
# makefile (from `Makefile', line 14)
CFLAGS = -Wall -Wextra -Werror
# makefile (from `Makefile', line 35)
QUOTE_OBJS = ${QUOTE_SRCS:.c=.o}
# makefile (from `Makefile', line 1)
MAKEFILE_LIST :=  Makefile
# environment
VSCODE_VERBOSE_LOGGING = true
# makefile (from `Makefile', line 22)
ENV_SRCS = srcs/env/call_env.c srcs/env/env.c srcs/env/export.c srcs/env/unset.c 
# environment
P9K_SSH = 0
# environment
VSCODE_IPC_HOOK_EXTHOST = /var/folders/zz/zyxvpxvq6csfxvn_n000cq5r0035sf/T/vscode-ipc-d7369ca3-bd44-4662-a5ab-32727258cdb9.sock
# environment
VSCODE_CWD = /
# makefile (from `Makefile', line 31)
UTILS_SRCS = srcs/utils.c
# environment
PATH = /Users/soo/.brew/bin:/usr/local/bin:/usr/bin:/bin:/usr/sbin:/sbin:/usr/local/munki
# environment
LaunchInstanceID = 939F1AC8-1594-430E-B8DD-285E259C5BCE
# environment
VSCODE_LOG_STACK = false
# environment
ELECTRON_RUN_AS_NODE = 1
# default
.FEATURES := target-specific order-only second-expansion else-if archives jobserver check-symlink
# makefile (from `Makefile', line 20)
CD_SRCS = srcs/cd/change_directory.c
# environment
SSH_AUTH_SOCK = /private/tmp/com.apple.launchd.FMNcxxy7yF/Listeners
# automatic
%F = $(notdir $%)
# environment
VSCODE_PIPE_LOGGING = true
# environment
PWD = /Users/soo/soo/42cursus/minishell
# environment
ORIGINAL_XDG_CURRENT_DESKTOP = undefined
# environment
VSCODE_AMD_ENTRYPOINT = vs/workbench/api/node/extensionHostProcess
# environment
HOME = /Users/soo
# default
MAKEFILEPATH := /Applications/Xcode.app/Contents/Developer/Makefiles
# environment
VSCODE_CODE_CACHE_PATH = /Users/soo/Library/Application Support/Code/CachedData/30d9c6cd9483b2cc586687151bcbcd635f373630
# environment
LOGNAME = soo
# environment
APPLICATION_INSIGHTS_NO_DIAGNOSTIC_CHANNEL = 1
# environment
VSCODE_HANDLES_UNCAUGHT_ERRORS = true
# automatic
^D = $(patsubst %/,%,$(dir $^))
# environment
XPC_FLAGS = 0x0
# default
MAKE = $(MAKE_COMMAND)
# default
MAKECMDGOALS := all
# environment
SHLVL = 1
# makefile (from `Makefile', line 18)
LIBFT = srcs/libft/libft.a
# makefile (from `Makefile', line 13)
CC = cc
# default
MAKE_VERSION := 3.81
# environment
USER = soo
# makefile
.DEFAULT_GOAL := all
# makefile (from `Makefile', line 17)
NAME = builtin
# automatic
%D = $(patsubst %/,%,$(dir $%))
# default
MAKE_COMMAND := /Applications/Xcode.app/Contents/Developer/usr/bin/make
# makefile (from `Makefile', line 15)
INC = -I include
# default
.VARIABLES := 
# environment
TMPDIR = /var/folders/zz/zyxvpxvq6csfxvn_n000cq5r0035sf/T/
# automatic
*F = $(notdir $*)
# environment
VSCODE_IPC_HOOK = /Users/soo/Library/Application Support/Code/1.68.1-main.sock
# makefile (from `Makefile', line 27)
QUOTE_SRCS = srcs/quote/quote.c srcs/quote/quote_utils.c srcs/quote/quote_str_utils.c
# makefile
MAKEFLAGS = Rrqp
# environment
MFLAGS = -Rrqp
# automatic
*D = $(patsubst %/,%,$(dir $*))
# environment
MAIL = soo@student.42seoul.kr
# environment
XPC_SERVICE_NAME = com.apple.xpc.launchd.oneshot.0x10000001.Electron
# automatic
+D = $(patsubst %/,%,$(dir $+))
# automatic
+F = $(notdir $+)
# environment
__CF_USER_TEXT_ENCODING = 0x1972E:0x0:0x0
# environment
COMMAND_MODE = unix2003
# default
MAKEFILES := 
# automatic
<F = $(notdir $<)
# makefile (from `Makefile', line 34)
ENV_OBJS = ${ENV_SRCS:.c=.o}
# environment
LC_ALL = C
# environment
SECURITYSESSIONID = 186a6
# automatic
^F = $(notdir $^)
# makefile (from `Makefile', line 36)
UTILS_OBJS = ${UTILS_SRCS:.c=.o}
# default
SUFFIXES := 
# default
.INCLUDE_DIRS = /usr/local/include
# environment
MAKELEVEL := 0
# makefile (from `Makefile', line 38)
OBJECTS = $(CD_OBJS) $(ENV_OBJS) $(QUOTE_OBJS) $(UTILS_OBJS)
# environment
LANG = C
# environment
VSCODE_PID = 2487
# variable set hash-table stats:
# Load=79/1024=8%, Rehash=0, Collisions=3/121=2%

# Pattern-specific Variable Values

# No pattern-specific variable values.

# Directories

# . (device 16777225, inode 4450841): 7 files, no impossibilities.
 
# srcs/cd (device 16777225, inode 4453254): 3 files, no impossibilities so far.

# 10 files, no impossibilities in 2 directories.

# Implicit Rules

%.o: %.c
#  commands to execute (from `Makefile', line 46):
	$(CC) $(CFLAGS) -o $@ -c $^ $(INC)
	

# 1 implicit rules, 0 (0.0%) terminal.

# Files

# Not a target:
srcs/env/unset.o:
#  Implicit rule search has not been done.
#  Modification time never checked.
#  File has not been updated.

all: builtin
#  Phony target (prerequisite of .PHONY).
#  Command-line target.
#  Implicit rule search has not been done.
#  File does not exist.
#  File has been updated.
#  Needs to be updated (-q is set).
# variable set hash-table stats:
# Load=0/32=0%, Rehash=0, Collisions=0/5=0%

.PHONY: all clean fclean re
#  Implicit rule search has not been done.
#  Modification time never checked.
#  File has not been updated.

# Not a target:
srcs/quote/quote.o:
#  Implicit rule search has not been done.
#  Modification time never checked.
#  File has not been updated.

# Not a target:
.SUFFIXES:
#  Implicit rule search has not been done.
#  Modification time never checked.
#  File has not been updated.

# Not a target:
Makefile:
#  Implicit rule search has been done.
#  Last modified 2022-07-14 20:20:34
#  File has been updated.
#  Successfully updated.
# variable set hash-table stats:
# Load=0/32=0%, Rehash=0, Collisions=0/0=0%

builtin: srcs/cd/change_directory.o srcs/env/call_env.o srcs/env/env.o srcs/env/export.o srcs/env/unset.o srcs/quote/quote.o srcs/quote/quote_utils.o srcs/quote/quote_str_utils.o srcs/utils.o srcs/libft/libft.a
#  Implicit rule search has not been done.
#  File does not exist.
#  File has been updated.
#  Needs to be updated (-q is set).
# variable set hash-table stats:
# Load=0/32=0%, Rehash=0, Collisions=0/5=0%
#  commands to execute (from `Makefile', line 43):
	$(CC) $(CFLAGS) -o $@ $^ main.c -L ./srcs/libft -l ft
	

# Not a target:
srcs/utils.o:
#  Implicit rule search has not been done.
#  Modification time never checked.
#  File has not been updated.

bonus:
#  Implicit rule search has not been done.
#  Modification time never checked.
#  File has not been updated.
#  commands to execute (from `Makefile', line 52):
	make BONUS_FLAG=1
	

fclean: clean
#  Phony target (prerequisite of .PHONY).
#  Implicit rule search has not been done.
#  File does not exist.
#  File has not been updated.
#  commands to execute (from `Makefile', line 59):
	$(MAKE) -C ./srcs/libft fclean
	rm -f $(NAME)
	

srcs/libft/libft.a:
#  Implicit rule search has not been done.
#  Modification time never checked.
#  File has not been updated.
#  commands to execute (from `Makefile', line 49):
	$(MAKE) -C srcs/libft all
	

# Not a target:
.DEFAULT:
#  Implicit rule search has not been done.
#  Modification time never checked.
#  File has not been updated.

# Not a target:
srcs/env/export.o:
#  Implicit rule search has not been done.
#  Modification time never checked.
#  File has not been updated.

srcs/cd/change_directory.o: srcs/cd/change_directory.c
#  Implicit rule search has been done.
#  Implicit/static pattern stem: `srcs/cd/change_directory'
#  File does not exist.
#  File has been updated.
#  Needs to be updated (-q is set).
# automatic
# @ := srcs/cd/change_directory.o
# automatic
# % := 
# automatic
# * := srcs/cd/change_directory
# automatic
# + := srcs/cd/change_directory.c
# automatic
# | := 
# automatic
# < := srcs/cd/change_directory.c
# automatic
# ^ := srcs/cd/change_directory.c
# automatic
# ? := srcs/cd/change_directory.c
# variable set hash-table stats:
# Load=8/32=25%, Rehash=0, Collisions=1/15=7%
#  commands to execute (from `Makefile', line 46):
	$(CC) $(CFLAGS) -o $@ -c $^ $(INC)
	

re: fclean all
#  Phony target (prerequisite of .PHONY).
#  Implicit rule search has not been done.
#  File does not exist.
#  File has not been updated.

clean:
#  Phony target (prerequisite of .PHONY).
#  Implicit rule search has not been done.
#  File does not exist.
#  File has not been updated.
#  commands to execute (from `Makefile', line 55):
	$(MAKE) -C ./srcs/libft clean
	rm -f $(OBJECTS)
	

# Not a target:
srcs/quote/quote_str_utils.o:
#  Implicit rule search has not been done.
#  Modification time never checked.
#  File has not been updated.

# Not a target:
srcs/quote/quote_utils.o:
#  Implicit rule search has not been done.
#  Modification time never checked.
#  File has not been updated.

# Not a target:
srcs/env/env.o:
#  Implicit rule search has not been done.
#  Modification time never checked.
#  File has not been updated.

# Not a target:
srcs/env/call_env.o:
#  Implicit rule search has not been done.
#  Modification time never checked.
#  File has not been updated.

# Not a target:
srcs/cd/change_directory.c:
#  Implicit rule search has been done.
#  Last modified 2022-07-14 21:50:13
#  File has been updated.
#  Successfully updated.
# variable set hash-table stats:
# Load=0/32=0%, Rehash=0, Collisions=0/0=0%

# files hash-table stats:
# Load=21/1024=2%, Rehash=0, Collisions=0/55=0%
# VPATH Search Paths

# No `vpath' search paths.

# No general (`VPATH' variable) search path.

# # of strings in strcache: 1
# # of strcache buffers: 1
# strcache size: total = 4096 / max = 4096 / min = 4096 / avg = 4096
# strcache free: total = 4087 / max = 4087 / min = 4087 / avg = 4087

# Finished Make data base on Fri Jul 15 18:36:57 2022

 
