make --dry-run --always-make --keep-going --print-directory
make: Entering directory `/goinfre/soo/push_swap'
cc -Wall -Wextra -Werror -Iinclude -o srcs/main/push_swap.o -c srcs/main/push_swap.c
cc -Wall -Wextra -Werror -Iinclude -o srcs/utils/deque_push_pop.o -c srcs/utils/deque_push_pop.c
cc -Wall -Wextra -Werror -Iinclude -o srcs/utils/deque_utils.o -c srcs/utils/deque_utils.c
cc -Wall -Wextra -Werror -Iinclude -o srcs/utils/deque_func.o -c srcs/utils/deque_func.c
cc -Wall -Wextra -Werror -Iinclude -o srcs/error/check_error.o -c srcs/error/check_error.c
cc -Wall -Wextra -Werror -Iinclude -o srcs/sort/array_sort.o -c srcs/sort/array_sort.c
cc -Wall -Wextra -Werror -Iinclude -o srcs/sort/deque_sort.o -c srcs/sort/deque_sort.c
/Applications/Xcode.app/Contents/Developer/usr/bin/make -C ./srcs/libft all
 
make[1]: Entering directory `/goinfre/soo/push_swap/srcs/libft'
cc -Wall -Wextra -Werror -c ft_isalpha.c -o ft_isalpha.o 
cc -Wall -Wextra -Werror -c ft_isdigit.c -o ft_isdigit.o 
cc -Wall -Wextra -Werror -c ft_isalnum.c -o ft_isalnum.o 
cc -Wall -Wextra -Werror -c ft_isascii.c -o ft_isascii.o 
cc -Wall -Wextra -Werror -c ft_isprint.c -o ft_isprint.o 
cc -Wall -Wextra -Werror -c ft_strlen.c -o ft_strlen.o 
cc -Wall -Wextra -Werror -c ft_memset.c -o ft_memset.o 
cc -Wall -Wextra -Werror -c ft_bzero.c -o ft_bzero.o 
cc -Wall -Wextra -Werror -c ft_memcpy.c -o ft_memcpy.o 
cc -Wall -Wextra -Werror -c ft_memmove.c -o ft_memmove.o 
cc -Wall -Wextra -Werror -c ft_strlcpy.c -o ft_strlcpy.o 
cc -Wall -Wextra -Werror -c ft_strlcat.c -o ft_strlcat.o 
cc -Wall -Wextra -Werror -c ft_toupper.c -o ft_toupper.o 
cc -Wall -Wextra -Werror -c ft_tolower.c -o ft_tolower.o 
cc -Wall -Wextra -Werror -c ft_strchr.c -o ft_strchr.o 
cc -Wall -Wextra -Werror -c ft_strrchr.c -o ft_strrchr.o 
cc -Wall -Wextra -Werror -c ft_strncmp.c -o ft_strncmp.o 
cc -Wall -Wextra -Werror -c ft_memchr.c -o ft_memchr.o 
cc -Wall -Wextra -Werror -c ft_memcmp.c -o ft_memcmp.o 
cc -Wall -Wextra -Werror -c ft_strnstr.c -o ft_strnstr.o 
cc -Wall -Wextra -Werror -c ft_atoi.c -o ft_atoi.o 
cc -Wall -Wextra -Werror -c ft_calloc.c -o ft_calloc.o 
cc -Wall -Wextra -Werror -c ft_strdup.c -o ft_strdup.o 
cc -Wall -Wextra -Werror -c ft_substr.c -o ft_substr.o 
cc -Wall -Wextra -Werror -c ft_strjoin.c -o ft_strjoin.o 
cc -Wall -Wextra -Werror -c ft_strtrim.c -o ft_strtrim.o 
cc -Wall -Wextra -Werror -c ft_split.c -o ft_split.o 
cc -Wall -Wextra -Werror -c ft_itoa.c -o ft_itoa.o 
cc -Wall -Wextra -Werror -c ft_strmapi.c -o ft_strmapi.o 
cc -Wall -Wextra -Werror -c ft_striteri.c -o ft_striteri.o 
cc -Wall -Wextra -Werror -c ft_putchar_fd.c -o ft_putchar_fd.o 
cc -Wall -Wextra -Werror -c ft_putstr_fd.c -o ft_putstr_fd.o 
cc -Wall -Wextra -Werror -c ft_putendl_fd.c -o ft_putendl_fd.o 
cc -Wall -Wextra -Werror -c ft_putnbr_fd.c -o ft_putnbr_fd.o 
cc -Wall -Wextra -Werror -c gnl/get_next_line.c -o gnl/get_next_line.o 
cc -Wall -Wextra -Werror -c gnl/get_next_line_utils.c -o gnl/get_next_line_utils.o 
cc -Wall -Wextra -Werror -c gnl/get_next_line_bonus.c -o gnl/get_next_line_bonus.o 
cc -Wall -Wextra -Werror -c gnl/get_next_line_utils_bonus.c -o gnl/get_next_line_utils_bonus.o 
ar rc libft.a ft_isalpha.o ft_isdigit.o ft_isalnum.o ft_isascii.o ft_isprint.o ft_strlen.o ft_memset.o ft_bzero.o ft_memcpy.o ft_memmove.o ft_strlcpy.o ft_strlcat.o ft_toupper.o ft_tolower.o ft_strchr.o ft_strrchr.o ft_strncmp.o ft_memchr.o ft_memcmp.o ft_strnstr.o ft_atoi.o ft_calloc.o ft_strdup.o ft_substr.o ft_strjoin.o ft_strtrim.o ft_split.o ft_itoa.o ft_strmapi.o ft_striteri.o ft_putchar_fd.o ft_putstr_fd.o ft_putendl_fd.o ft_putnbr_fd.o gnl/get_next_line.o gnl/get_next_line_utils.o gnl/get_next_line_bonus.o gnl/get_next_line_utils_bonus.o
make[1]: Leaving directory `/goinfre/soo/push_swap/srcs/libft'
cc -Wall -Wextra -Werror -Iinclude -o push_swap srcs/main/push_swap.o srcs/utils/deque_push_pop.o srcs/utils/deque_utils.o srcs/utils/deque_func.o srcs/error/check_error.o srcs/sort/array_sort.o srcs/sort/deque_sort.o -L ./srcs/libft -l ft
make: Leaving directory `/goinfre/soo/push_swap'
 
