make all --print-data-base --no-builtin-variables --no-builtin-rules --question
# GNU Make 3.81
# Copyright (C) 2006  Free Software Foundation, Inc.
# This is free software; see the source for copying conditions.
# There is NO warranty; not even for MERCHANTABILITY or FITNESS FOR A
# PARTICULAR PURPOSE.

# This program built for i386-apple-darwin11.3.0
 

# Make data base, printed on Sun May 29 21:00:36 2022

# Variables

 
# automatic
<D = $(patsubst %/,%,$(dir $<))
# automatic
?F = $(notdir $?)
# environment
ELECTRON_NO_ATTACH_CONSOLE = 1
# makefile (from `Makefile', line 23)
SRCS_BONUS = srcs/checker/checker_bonus.c
# automatic
?D = $(patsubst %/,%,$(dir $?))
# automatic
@D = $(patsubst %/,%,$(dir $@))
# automatic
@F = $(notdir $@)
# makefile
CURDIR := /Users/soo/soo/42cursus/push_swap
# makefile
SHELL = /bin/sh
# environment
VSCODE_NLS_CONFIG = {"locale":"en-us","availableLanguages":{},"_languagePackSupport":true}
# environment
_ = /usr/bin/make
# makefile (from `Makefile', line 14)
CFLAGS = -Wall -Wextra -Werror -Iinclude
# makefile (from `Makefile', line 1)
MAKEFILE_LIST :=  Makefile
# environment
VSCODE_NODE_CACHED_DATA_DIR = 
# environment
VERBOSE_LOGGING = true
# environment
VSCODE_LOGS = /Users/soo/Library/Application Support/Code/logs/20220529T210033
# makefile (from `Makefile', line 25)
OBJS = ${SRCS:.c=.o}
# environment
P9K_SSH = 0
# environment
VSCODE_IPC_HOOK_EXTHOST = /var/folders/zz/zyxvpxvq6csfxvn_n000cq5r0035sf/T/vscode-ipc-af4aa4ea-2d99-49d6-b5e6-eef12b18c6fe.sock
# environment
PATH = /Applications/Visual Studio Code 2.app/Contents/Resources/app/bin:/usr/local/bin:/usr/bin:/bin:/usr/sbin:/sbin:/usr/local/munki
# environment
LaunchInstanceID = D16E7AB0-631C-4D2E-A3B8-B4E0BEE52CCC
# environment
VSCODE_LOG_STACK = false
# environment
ELECTRON_RUN_AS_NODE = 1
# default
.FEATURES := target-specific order-only second-expansion else-if archives jobserver check-symlink
# environment
SSH_AUTH_SOCK = /private/tmp/com.apple.launchd.mF61Zp2g9b/Listeners
# automatic
%F = $(notdir $%)
# environment
PWD = /Users/soo/soo/42cursus/push_swap
# makefile (from `Makefile', line 26)
OBJS_BONUS = ${SRCS_BONUS:.c=.o}
# environment
HOME = /Users/soo
# default
MAKEFILEPATH := /Applications/Xcode.app/Contents/Developer/Makefiles
# environment
VSCODE_CLI = 1
# environment
LOGNAME = soo
# environment
APPLICATION_INSIGHTS_NO_DIAGNOSTIC_CHANNEL = true
# environment
VSCODE_HANDLES_UNCAUGHT_ERRORS = true
# automatic
^D = $(patsubst %/,%,$(dir $^))
# environment
XPC_FLAGS = 0x0
# environment
COLORTERM = truecolor
# default
MAKE = $(MAKE_COMMAND)
# environment
LC_TERMINAL = iTerm2
# makefile (from `Makefile', line 15)
SRCS = srcs/main/push_swap.c srcs/utils/deque_push_pop.c srcs/utils/deque_utils.c srcs/utils/deque_func.c srcs/error/check_error.c srcs/sort/array_sort.c srcs/sort/deque_sort.c 
# environment
SHLVL = 3
# makefile (from `Makefile', line 13)
CC = cc
# default
MAKE_VERSION := 3.81
# environment
AMD_ENTRYPOINT = vs/workbench/services/extensions/node/extensionHostProcess
# environment
USER = soo
# makefile
.DEFAULT_GOAL := all
# default
MAKECMDGOALS := all
# environment
TERM_SESSION_ID = w0t0p0:5D585051-BA1B-4A7C-A0CE-B8C95A253FCC
# environment
PIPE_LOGGING = true
# automatic
%D = $(patsubst %/,%,$(dir $%))
# default
MAKE_COMMAND := /Applications/Xcode.app/Contents/Developer/usr/bin/make
# environment
TERM_PROGRAM = iTerm.app
# default
.VARIABLES := 
# environment
TMPDIR = /var/folders/zz/zyxvpxvq6csfxvn_n000cq5r0035sf/T/
# automatic
*F = $(notdir $*)
# environment
VSCODE_IPC_HOOK = /Users/soo/Library/Application Support/Code/1.39.2-main.sock
# makefile
MAKEFLAGS = Rrqp
# environment
MFLAGS = -Rrqp
# automatic
*D = $(patsubst %/,%,$(dir $*))
# environment
TERM_PROGRAM_VERSION = 3.3.7
# environment
MAIL = soo@student.42seoul.kr
# environment
XPC_SERVICE_NAME = 0
# environment
LC_TERMINAL_VERSION = 3.3.7
# automatic
+D = $(patsubst %/,%,$(dir $+))
# makefile (from `Makefile', line 27)
NAME1 = push_swap
# automatic
+F = $(notdir $+)
# environment
ITERM_SESSION_ID = w0t0p0:5D585051-BA1B-4A7C-A0CE-B8C95A253FCC
# environment
COLORFGBG = 7;0
# environment
__CF_USER_TEXT_ENCODING = 0x1972E:0x0:0x0
# environment
COMMAND_MODE = unix2003
# default
MAKEFILES := 
# automatic
<F = $(notdir $<)
# environment
ITERM_PROFILE = Default
# environment
LC_ALL = C
# makefile (from `Makefile', line 28)
NAME2 = checker
# environment
SECURITYSESSIONID = 186a6
# environment
P9K_TTY = old
# automatic
^F = $(notdir $^)
# default
SUFFIXES := 
# default
.INCLUDE_DIRS = /usr/local/include
# environment
MAKELEVEL := 0
# environment
LANG = C
# environment
TERM = xterm-256color
# environment
 
_P9K_TTY = /dev/ttys008
# environment
VSCODE_PID = 12996
# variable set hash-table stats:
# Load=85/1024=8%, Rehash=0, Collisions=10/123=8%

# Pattern-specific Variable Values

# No pattern-specific variable values.

# Directories

# . (device 16777225, inode 4066062): 8 files, no impossibilities.
# srcs/main (device 16777225, inode 4066180): 3 files, no impossibilities so far.

# 11 files, no impossibilities in 2 directories.

# Implicit Rules

%.o: %.c
#  commands to execute (from `Makefile', line 43):
	@$(CC) $(CFLAGS) -o $@ -c $^
	

# 1 implicit rules, 0 (0.0%) terminal.

# Files

# Not a target:
srcs/sort/deque_sort.o:
#  Implicit rule search has not been done.
#  Modification time never checked.
#  File has not been updated.

# Not a target:
srcs/utils/deque_push_pop.o:
#  Implicit rule search has not been done.
#  Modification time never checked.
#  File has not been updated.

all: push_swap
#  Phony target (prerequisite of .PHONY).
#  Command-line target.
#  Implicit rule search has not been done.
#  File does not exist.
#  File has been updated.
#  Needs to be updated (-q is set).
# variable set hash-table stats:
# Load=0/32=0%, Rehash=0, Collisions=0/4=0%

.PHONY: all clean fclean re bonus
#  Implicit rule search has not been done.
#  Modification time never checked.
#  File has not been updated.

# Not a target:
srcs/utils/deque_utils.o:
#  Implicit rule search has not been done.
#  Modification time never checked.
#  File has not been updated.

# Not a target:
.SUFFIXES:
#  Implicit rule search has not been done.
#  Modification time never checked.
#  File has not been updated.

# Not a target:
Makefile:
#  Implicit rule search has been done.
#  Last modified 2022-05-28 16:45:42
#  File has been updated.
#  Successfully updated.
# variable set hash-table stats:
# Load=0/32=0%, Rehash=0, Collisions=0/0=0%

# Not a target:
srcs/error/check_error.o:
#  Implicit rule search has not been done.
#  Modification time never checked.
#  File has not been updated.

# Not a target:
srcs/sort/array_sort.o:
#  Implicit rule search has not been done.
#  Modification time never checked.
#  File has not been updated.

bonus: checker
#  Phony target (prerequisite of .PHONY).
#  Implicit rule search has not been done.
#  File does not exist.
#  File has not been updated.

fclean: clean
#  Phony target (prerequisite of .PHONY).
#  Implicit rule search has not been done.
#  File does not exist.
#  File has not been updated.
#  commands to execute (from `Makefile', line 50):
	@$(MAKE) -C ./srcs/libft fclean
	@$(MAKE) -C ./srcs/checker fclean
	@rm -f $(NAME1)
	

srcs/main/push_swap.o: srcs/main/push_swap.c
#  Implicit rule search has been done.
#  Implicit/static pattern stem: `srcs/main/push_swap'
#  File does not exist.
#  File has been updated.
#  Needs to be updated (-q is set).
# automatic
# @ := srcs/main/push_swap.o
# automatic
# % := 
# automatic
# * := srcs/main/push_swap
# automatic
# + := srcs/main/push_swap.c
# automatic
# | := 
# automatic
# < := srcs/main/push_swap.c
# automatic
# ^ := srcs/main/push_swap.c
# automatic
# ? := srcs/main/push_swap.c
# variable set hash-table stats:
# Load=8/32=25%, Rehash=0, Collisions=1/14=7%
#  commands to execute (from `Makefile', line 43):
	@$(CC) $(CFLAGS) -o $@ -c $^
	

# Not a target:
srcs/utils/deque_func.o:
#  Implicit rule search has not been done.
#  Modification time never checked.
#  File has not been updated.

# Not a target:
.DEFAULT:
#  Implicit rule search has not been done.
#  Modification time never checked.
#  File has not been updated.

checker: srcs/main/push_swap.o srcs/utils/deque_push_pop.o srcs/utils/deque_utils.o srcs/utils/deque_func.o srcs/error/check_error.o srcs/sort/array_sort.o srcs/sort/deque_sort.o srcs/checker/checker_bonus.o
#  Implicit rule search has not been done.
#  Modification time never checked.
#  File has not been updated.
#  commands to execute (from `Makefile', line 40):
	@$(MAKE) -C ./srcs/checker all
	

re: fclean all
#  Phony target (prerequisite of .PHONY).
#  Implicit rule search has not been done.
#  File does not exist.
#  File has not been updated.

clean:
#  Phony target (prerequisite of .PHONY).
#  Implicit rule search has not been done.
#  File does not exist.
#  File has not been updated.
#  commands to execute (from `Makefile', line 46):
	@$(MAKE) -C ./srcs/libft clean
	@rm -f $(OBJS) $(OBJS_BONUS)
	

push_swap: srcs/main/push_swap.o srcs/utils/deque_push_pop.o srcs/utils/deque_utils.o srcs/utils/deque_func.o srcs/error/check_error.o srcs/sort/array_sort.o srcs/sort/deque_sort.o
#  Implicit rule search has not been done.
#  File does not exist.
#  File has been updated.
#  Needs to be updated (-q is set).
# variable set hash-table stats:
# Load=0/32=0%, Rehash=0, Collisions=0/4=0%
#  commands to execute (from `Makefile', line 33):
	@$(MAKE) -C ./srcs/libft all
	@$(CC) $(CFLAGS) -o $@ $^ -L ./srcs/libft -l ft
	

# Not a target:
srcs/checker/checker_bonus.o:
#  Implicit rule search has not been done.
#  Modification time never checked.
#  File has not been updated.

# Not a target:
srcs/main/push_swap.c:
#  Implicit rule search has been done.
#  Last modified 2022-05-29 20:49:38
#  File has been updated.
#  Successfully updated.
# variable set hash-table stats:
# Load=0/32=0%, Rehash=0, Collisions=0/0=0%

# files hash-table stats:
# Load=20/1024=2%, Rehash=0, Collisions=0/61=0%
# VPATH Search Paths

# No `vpath' search paths.

# No general (`VPATH' variable) search path.

# # of strings in strcache: 1
# # of strcache buffers: 1
# strcache size: total = 4096 / max = 4096 / min = 4096 / avg = 4096
# strcache free: total = 4087 / max = 4087 / min = 4087 / avg = 4087

# Finished Make data base on Sun May 29 21:00:36 2022

 
